[0;32m2025-07-29 14:05:27[0m ✅ Environment setup completed
[0;34m2025-07-29 14:05:27 PHASE:[0m 3/6 - Dependency Check
[0;32m2025-07-29 14:05:27[0m Dependencies already installed
[0;32m2025-07-29 14:05:27[0m ✅ Dependency check completed
[0;34m2025-07-29 14:05:27 PHASE:[0m 4/6 - Database Setup
[0;32m2025-07-29 14:05:27[0m Setting up database...
Environment variables loaded from .env
Prisma schema loaded from prisma/schema.prisma

✔ Generated Prisma Client (v6.12.0) to ./node_modules/@prisma/client in 181ms

Start by importing your Prisma Client (See: https://pris.ly/d/importing-client)

Tip: Interested in query caching in just a few lines of code? Try Accelerate today! https://pris.ly/tip-3-accelerate

Environment variables loaded from .env
Prisma schema loaded from prisma/schema.prisma
Datasource "db": PostgreSQL database "gs_cms_v05", schema "public" at "localhost:5432"

The database is already in sync with the Prisma schema.

Running generate... (Use --skip-generate to skip the generators)
[2K[1A[2K[GRunning generate... - Prisma Client
[2K[1A[2K[G✔ Generated Prisma Client (v6.12.0) to ./node_modules/@prisma/client in 165ms

[0;32m2025-07-29 14:05:30[0m ✅ Database setup completed
[0;34m2025-07-29 14:05:30 PHASE:[0m 5/6 - Application Startup
[0;32m2025-07-29 14:05:32[0m Starting Next.js development server...
[0;32m2025-07-29 14:05:32[0m Application started with PID: 1485766
[0;32m2025-07-29 14:05:32[0m Waiting for Next.js Application on port 3000...
[0;32m2025-07-29 14:05:44[0m Still waiting for Next.js Application... (10/60 seconds)
[0;32m2025-07-29 14:05:55[0m Still waiting for Next.js Application... (20/60 seconds)
[0;32m2025-07-29 14:06:07[0m Still waiting for Next.js Application... (30/60 seconds)
[0;32m2025-07-29 14:06:19[0m Still waiting for Next.js Application... (40/60 seconds)
[0;32m2025-07-29 14:06:30[0m Still waiting for Next.js Application... (50/60 seconds)
[0;32m2025-07-29 14:06:42[0m Still waiting for Next.js Application... (60/60 seconds)
[0;34m2025-07-29 14:06:42 PHASE:[0m 6/6 - Health Verification
[0;32m2025-07-29 14:06:47[0m Testing basic connectivity...
[0;32m2025-07-29 14:06:57[0m ✅ Application is responding
[1;33m2025-07-29 14:06:57 WARNING:[0m Health endpoint not available or not implemented
[1;33m2025-07-29 14:06:58 WARNING:[0m API routes may not be available
[0;32m2025-07-29 14:06:58[0m ✅ Health verification completed
