
> gs-cms-v05@0.1.0 dev
> next dev

   ▲ Next.js 15.1.8
   - Local:        http://localhost:3000
   - Network:      http://10.10.40.87:3000
   - Environments: .env.local, .env
   - Experiments (use with caution):
     · turbo

 ✓ Starting...
 ✓ Ready in 1653ms
 ○ Compiling /src/middleware ...
 ✓ Compiled /src/middleware in 552ms (100 modules)
Middleware check: { pathname: '/', hasSessionToken: false }
 ○ Compiling / ...


Source path: /home/hrvanovic_5510/Projects/GS_projects/GS-v05_1/FLOW2_test/src/app/globals.css
Setting up new context...
Finding changed files: 18.106ms


Source path: /home/hrvanovic_5510/Projects/GS_projects/GS-v05_1/FLOW2_test/src/styles/i18n.css


Source path: /home/hrvanovic_5510/Projects/GS_projects/GS-v05_1/FLOW2_test/node_modules/@uploadthing/react/dist/index.css
JIT TOTAL: 181.743ms




(node:873515) Warning: Label 'JIT TOTAL' already exists for console.time()
(Use `node --trace-warnings ...` to show where the warning was created)
(node:873515) Warning: Label 'JIT TOTAL' already exists for console.time()
(node:873515) Warning: No such label 'JIT TOTAL' for console.timeEnd()
Reading changed files: 436.498ms
Sorting candidates: 7.247ms
Generate rules: 227.707ms
Build stylesheet: 3.884ms
Potential classes:  9032
Active contexts:  1


(node:873515) Warning: No such label 'JIT TOTAL' for console.timeEnd()
 ✓ Compiled / in 7.8s (1514 modules)
 GET / 200 in 8698ms


Source path: /home/hrvanovic_5510/Projects/GS_projects/GS-v05_1/FLOW2_test/src/app/globals.css
Finding changed files: 9.292ms
Reading changed files: 0.008ms
Sorting candidates: 0.005ms
Generate rules: 0.136ms
Build stylesheet: 0.004ms
Potential classes:  1
Active contexts:  1
JIT TOTAL: 91.077ms


Middleware check: { pathname: '/api/health', hasSessionToken: false }
 ✓ Compiled in 464ms (335 modules)
Middleware check: { pathname: '/api', hasSessionToken: false }
Middleware check: { pathname: '/', hasSessionToken: false }
 GET / 200 in 125ms
Middleware check: { pathname: '/', hasSessionToken: false }
 GET / 200 in 44ms
